This file contains any messages produced by compilers while
running configure, to aid debugging if configure makes a mistake.

It was created by configure, which was
generated by GNU Autoconf 2.71.  Invocation command line was

  $ ./configure

## --------- ##
## Platform. ##
## --------- ##

hostname = owlland
uname -m = x86_64
uname -r = 6.1.63-1-lts
uname -s = Linux
uname -v = #1 SMP PREEMPT_DYNAMIC Mon, 20 Nov 2023 12:45:57 +0000

/usr/bin/uname -p = unknown
/bin/uname -X     = unknown

/bin/arch              = unknown
/usr/bin/arch -k       = unknown
/usr/convex/getsysinfo = unknown
/usr/bin/hostinfo      = unknown
/bin/machine           = unknown
/usr/bin/oslevel       = unknown
/bin/universe          = unknown

PATH: /home/owllog/.nvm/versions/node/v18.18.1/bin/
PATH: /home/owllog/.local/bin/
PATH: /home/owllog/.bin/
PATH: /usr/local/sbin/
PATH: /usr/local/bin/
PATH: /usr/bin/
PATH: /usr/lib/jvm/default/bin/
PATH: /usr/bin/site_perl/
PATH: /usr/bin/vendor_perl/
PATH: /usr/bin/core_perl/
PATH: /var/lib/snapd/snap/bin/


## ----------- ##
## Core tests. ##
## ----------- ##

configure:2484: looking for aux files: config.guess config.sub
configure:2497:  trying ./build/
configure:2526:   ./build/config.guess found
configure:2526:   ./build/config.sub found
configure:2643: checking for grep that handles long lines and -e
configure:2707: result: /usr/bin/grep
configure:2712: checking for egrep
configure:2780: result: /usr/bin/grep -E
configure:2785: checking for a sed that does not truncate output
configure:2855: result: /usr/bin/sed
configure:2999: checking for pkg-config
configure:3022: found /usr/bin/pkg-config
configure:3034: result: /usr/bin/pkg-config
configure:3059: checking pkg-config is at least version 0.9.0
configure:3062: result: yes
configure:3138: checking for cc
configure:3159: found /usr/bin/cc
configure:3170: result: cc
configure:3201: checking for C compiler version
configure:3210: cc --version >&5
cc (GCC) 13.2.1 20230801
Copyright (C) 2023 Free Software Foundation, Inc.
This is free software; see the source for copying conditions.  There is NO
warranty; not even for MERCHANTABILITY or FITNESS FOR A PARTICULAR PURPOSE.

configure:3221: $? = 0
configure:3210: cc -v >&5
Using built-in specs.
COLLECT_GCC=cc
COLLECT_LTO_WRAPPER=/usr/lib/gcc/x86_64-pc-linux-gnu/13.2.1/lto-wrapper
Target: x86_64-pc-linux-gnu
Configured with: /build/gcc/src/gcc/configure --enable-languages=ada,c,c++,d,fortran,go,lto,objc,obj-c++ --enable-bootstrap --prefix=/usr --libdir=/usr/lib --libexecdir=/usr/lib --mandir=/usr/share/man --infodir=/usr/share/info --with-bugurl=https://bugs.archlinux.org/ --with-build-config=bootstrap-lto --with-linker-hash-style=gnu --with-system-zlib --enable-__cxa_atexit --enable-cet=auto --enable-checking=release --enable-clocale=gnu --enable-default-pie --enable-default-ssp --enable-gnu-indirect-function --enable-gnu-unique-object --enable-libstdcxx-backtrace --enable-link-serialization=1 --enable-linker-build-id --enable-lto --enable-multilib --enable-plugin --enable-shared --enable-threads=posix --disable-libssp --disable-libstdcxx-pch --disable-werror
Thread model: posix
Supported LTO compression algorithms: zlib zstd
gcc version 13.2.1 20230801 (GCC) 
configure:3221: $? = 0
configure:3210: cc -V >&5
cc: error: unrecognized command-line option '-V'
cc: fatal error: no input files
compilation terminated.
configure:3221: $? = 1
configure:3210: cc -qversion >&5
cc: error: unrecognized command-line option '-qversion'; did you mean '--version'?
cc: fatal error: no input files
compilation terminated.
configure:3221: $? = 1
configure:3210: cc -version >&5
cc: error: unrecognized command-line option '-version'
cc: fatal error: no input files
compilation terminated.
configure:3221: $? = 1
configure:3241: checking whether the C compiler works
configure:3263: cc    conftest.c  >&5
configure:3267: $? = 0
configure:3317: result: yes
configure:3320: checking for C compiler default output file name
configure:3322: result: a.out
configure:3328: checking for suffix of executables
configure:3335: cc -o conftest    conftest.c  >&5
configure:3339: $? = 0
configure:3362: result: 
configure:3384: checking whether we are cross compiling
configure:3392: cc -o conftest    conftest.c  >&5
configure:3396: $? = 0
configure:3403: ./conftest
configure:3407: $? = 0
configure:3422: result: no
configure:3427: checking for suffix of object files
configure:3450: cc -c   conftest.c >&5
configure:3454: $? = 0
configure:3476: result: o
configure:3480: checking whether the compiler supports GNU C
configure:3500: cc -c   conftest.c >&5
configure:3500: $? = 0
configure:3510: result: yes
configure:3521: checking whether cc accepts -g
configure:3542: cc -c -g  conftest.c >&5
configure:3542: $? = 0
configure:3586: result: yes
configure:3606: checking for cc option to enable C11 features
configure:3621: cc  -c -g -O2  conftest.c >&5
configure:3621: $? = 0
configure:3639: result: none needed
configure:3755: checking how to run the C preprocessor
configure:3781: cc -E  conftest.c
configure:3781: $? = 0
configure:3796: cc -E  conftest.c
conftest.c:9:10: fatal error: ac_nonexistent.h: No such file or directory
    9 | #include <ac_nonexistent.h>
      |          ^~~~~~~~~~~~~~~~~~
compilation terminated.
configure:3796: $? = 1
configure: failed program was:
| /* confdefs.h */
| #define PACKAGE_NAME ""
| #define PACKAGE_TARNAME ""
| #define PACKAGE_VERSION ""
| #define PACKAGE_STRING ""
| #define PACKAGE_BUGREPORT ""
| #define PACKAGE_URL ""
| /* end confdefs.h.  */
| #include <ac_nonexistent.h>
configure:3823: result: cc -E
configure:3837: cc -E  conftest.c
configure:3837: $? = 0
configure:3852: cc -E  conftest.c
conftest.c:9:10: fatal error: ac_nonexistent.h: No such file or directory
    9 | #include <ac_nonexistent.h>
      |          ^~~~~~~~~~~~~~~~~~
compilation terminated.
configure:3852: $? = 1
configure: failed program was:
| /* confdefs.h */
| #define PACKAGE_NAME ""
| #define PACKAGE_TARNAME ""
| #define PACKAGE_VERSION ""
| #define PACKAGE_STRING ""
| #define PACKAGE_BUGREPORT ""
| #define PACKAGE_URL ""
| /* end confdefs.h.  */
| #include <ac_nonexistent.h>
configure:3885: checking for icc
configure:3895: result: no
configure:3909: checking for suncc
configure:3919: result: no
configure:3937: checking for system library directory
configure:3953: result: lib
configure:3960: checking if compiler supports -Wl,-rpath,
configure:3980: cc -o conftest -g -O2   conftest.c -Wl,-rpath,/usr/lib  >&5
configure:3980: $? = 0
configure:3991: result: yes
configure:4046: checking build system type
configure:4061: result: x86_64-pc-linux-gnu
configure:4081: checking host system type
configure:4095: result: x86_64-pc-linux-gnu
configure:4115: checking target system type
configure:4129: result: x86_64-pc-linux-gnu
configure:4233: checking for PHP prefix
configure:4235: result: /usr
configure:4237: checking for PHP includes
configure:4239: result: -I/usr/include/php -I/usr/include/php/main -I/usr/include/php/TSRM -I/usr/include/php/Zend -I/usr/include/php/ext -I/usr/include/php/ext/date/lib
configure:4241: checking for PHP extension directory
configure:4243: result: /usr/lib/php/modules
configure:4245: checking for PHP installed headers prefix
configure:4247: result: /usr/include/php
configure:4250: checking if debug is enabled
configure:4277: result: no
configure:4280: checking if zts is enabled
configure:4307: result: no
configure:4375: checking for gawk
configure:4397: found /usr/bin/gawk
configure:4408: result: gawk
configure:4452: checking whether to enable add_numbers support
configure:4492: result: yes, shared
configure:4842: checking for a sed that does not truncate output
configure:4897: result: /usr/bin/sed
configure:4912: checking for ld used by cc
configure:4980: result: /usr/bin/ld
configure:4987: checking if the linker (/usr/bin/ld) is GNU ld
configure:5003: result: yes
configure:5008: checking for /usr/bin/ld option to reload object files
configure:5016: result: -r
configure:5034: checking for BSD-compatible nm
configure:5084: result: /usr/bin/nm -B
configure:5088: checking whether ln -s works
configure:5092: result: yes
configure:5099: checking how to recognize dependent libraries
configure:5286: result: pass_all
configure:5371: cc -c -g -O2  conftest.c >&5
configure:5374: $? = 0
configure:5509: checking for stdio.h
configure:5509: cc -c -g -O2  conftest.c >&5
configure:5509: $? = 0
configure:5509: result: yes
configure:5509: checking for stdlib.h
configure:5509: cc -c -g -O2  conftest.c >&5
configure:5509: $? = 0
configure:5509: result: yes
configure:5509: checking for string.h
configure:5509: cc -c -g -O2  conftest.c >&5
configure:5509: $? = 0
configure:5509: result: yes
configure:5509: checking for inttypes.h
configure:5509: cc -c -g -O2  conftest.c >&5
configure:5509: $? = 0
configure:5509: result: yes
configure:5509: checking for stdint.h
configure:5509: cc -c -g -O2  conftest.c >&5
configure:5509: $? = 0
configure:5509: result: yes
configure:5509: checking for strings.h
configure:5509: cc -c -g -O2  conftest.c >&5
configure:5509: $? = 0
configure:5509: result: yes
configure:5509: checking for sys/stat.h
configure:5509: cc -c -g -O2  conftest.c >&5
configure:5509: $? = 0
configure:5509: result: yes
configure:5509: checking for sys/types.h
configure:5509: cc -c -g -O2  conftest.c >&5
configure:5509: $? = 0
configure:5509: result: yes
configure:5509: checking for unistd.h
configure:5509: cc -c -g -O2  conftest.c >&5
configure:5509: $? = 0
configure:5509: result: yes
configure:5534: checking for dlfcn.h
configure:5534: cc -c -g -O2  conftest.c >&5
configure:5534: $? = 0
configure:5534: result: yes
configure:5553: checking the maximum length of command line arguments
configure:5666: result: 1572864
configure:5678: checking command to parse /usr/bin/nm -B output from cc object
configure:5784: cc -c -g -O2  conftest.c >&5
configure:5787: $? = 0
configure:5791: /usr/bin/nm -B conftest.o \| sed -n -e 's/^.*[ 	]\([ABCDGIRSTW][ABCDGIRSTW]*\)[ 	][ 	]*\([_A-Za-z][_A-Za-z0-9]*\)$/\1 \2 \2/p' \> conftest.nm
configure:5794: $? = 0
configure:5846: cc -o conftest -g -O2   conftest.c conftstm.o >&5
configure:5849: $? = 0
configure:5887: result: ok
configure:5891: checking for objdir
configure:5907: result: .libs
configure:6004: checking for ar
configure:6025: found /usr/bin/ar
configure:6036: result: ar
configure:6106: checking for ranlib
configure:6127: found /usr/bin/ranlib
configure:6138: result: ranlib
configure:6208: checking for strip
configure:6229: found /usr/bin/strip
configure:6240: result: strip
configure:6834: checking if cc supports -fno-rtti -fno-exceptions
configure:6853: cc -c -g -O2  -fno-rtti -fno-exceptions conftest.c >&5
cc1: warning: command-line option '-fno-rtti' is valid for C++/D/ObjC++ but not for C
configure:6857: $? = 0
configure:6870: result: no
configure:6885: checking for cc option to produce PIC
configure:7125: result: -fPIC
configure:7133: checking if cc PIC flag -fPIC works
configure:7152: cc -c -g -O2  -fPIC -DPIC conftest.c >&5
configure:7156: $? = 0
configure:7169: result: yes
configure:7197: checking if cc static flag -static works
configure:7226: result: yes
configure:7236: checking if cc supports -c -o file.o
configure:7258: cc -c -g -O2  -o out/conftest2.o conftest.c >&5
configure:7262: $? = 0
configure:7284: result: yes
configure:7310: checking whether the cc linker (/usr/bin/ld -m elf_x86_64) supports shared libraries
configure:8238: result: yes
configure:8259: checking whether -lc should be explicitly linked in
configure:8264: cc -c -g -O2  conftest.c >&5
configure:8267: $? = 0
configure:8282: cc -shared conftest.o  -v -Wl,-soname -Wl,conftest -o conftest 2\>\&1 \| grep  -lc  \>/dev/null 2\>\&1
configure:8285: $? = 0
configure:8297: result: no
configure:8305: checking dynamic linker characteristics
configure:8914: result: GNU/Linux ld.so
configure:8940: checking how to hardcode library paths into programs
configure:8965: result: immediate
configure:8979: checking whether stripping libraries is possible
configure:8984: result: yes
configure:9499: checking if libtool supports shared libraries
configure:9501: result: yes
configure:9504: checking whether to build shared libraries
configure:9525: result: yes
configure:9528: checking whether to build static libraries
configure:9532: result: no
configure:9626: result:
creating libtool
configure:13394: patching config.h.in
configure:13405: creating ./config.status

## ---------------------- ##
## Running config.status. ##
## ---------------------- ##

This file was extended by config.status, which was
generated by GNU Autoconf 2.71.  Invocation command line was

  CONFIG_FILES    = 
  CONFIG_HEADERS  = 
  CONFIG_LINKS    = 
  CONFIG_COMMANDS = 
  $ ./config.status 

on owlland

config.status:669: creating config.h

## ---------------- ##
## Cache variables. ##
## ---------------- ##

ac_cv_build=x86_64-pc-linux-gnu
ac_cv_c_compiler_gnu=yes
ac_cv_env_CC_set=
ac_cv_env_CC_value=
ac_cv_env_CFLAGS_set=
ac_cv_env_CFLAGS_value=
ac_cv_env_CPPFLAGS_set=
ac_cv_env_CPPFLAGS_value=
ac_cv_env_CPP_set=
ac_cv_env_CPP_value=
ac_cv_env_LDFLAGS_set=
ac_cv_env_LDFLAGS_value=
ac_cv_env_LIBS_set=
ac_cv_env_LIBS_value=
ac_cv_env_PKG_CONFIG_LIBDIR_set=
ac_cv_env_PKG_CONFIG_LIBDIR_value=
ac_cv_env_PKG_CONFIG_PATH_set=
ac_cv_env_PKG_CONFIG_PATH_value=
ac_cv_env_PKG_CONFIG_set=
ac_cv_env_PKG_CONFIG_value=
ac_cv_env_build_alias_set=
ac_cv_env_build_alias_value=
ac_cv_env_host_alias_set=
ac_cv_env_host_alias_value=
ac_cv_env_target_alias_set=
ac_cv_env_target_alias_value=
ac_cv_header_dlfcn_h=yes
ac_cv_header_inttypes_h=yes
ac_cv_header_stdint_h=yes
ac_cv_header_stdio_h=yes
ac_cv_header_stdlib_h=yes
ac_cv_header_string_h=yes
ac_cv_header_strings_h=yes
ac_cv_header_sys_stat_h=yes
ac_cv_header_sys_types_h=yes
ac_cv_header_unistd_h=yes
ac_cv_host=x86_64-pc-linux-gnu
ac_cv_objext=o
ac_cv_path_EGREP='/usr/bin/grep -E'
ac_cv_path_GREP=/usr/bin/grep
ac_cv_path_SED=/usr/bin/sed
ac_cv_path_ac_pt_PKG_CONFIG=/usr/bin/pkg-config
ac_cv_prog_AWK=gawk
ac_cv_prog_CPP='cc -E'
ac_cv_prog_ac_ct_AR=ar
ac_cv_prog_ac_ct_CC=cc
ac_cv_prog_ac_ct_RANLIB=ranlib
ac_cv_prog_ac_ct_STRIP=strip
ac_cv_prog_cc_c11=
ac_cv_prog_cc_g=yes
ac_cv_prog_cc_stdc=
ac_cv_target=x86_64-pc-linux-gnu
lt_cv_deplibs_check_method=pass_all
lt_cv_file_magic_cmd='$MAGIC_CMD'
lt_cv_file_magic_test_file=
lt_cv_ld_reload_flag=-r
lt_cv_objdir=.libs
lt_cv_path_LD=/usr/bin/ld
lt_cv_path_NM='/usr/bin/nm -B'
lt_cv_path_SED=/usr/bin/sed
lt_cv_prog_compiler_c_o=yes
lt_cv_prog_compiler_pic_works=yes
lt_cv_prog_compiler_rtti_exceptions=no
lt_cv_prog_compiler_static_works=yes
lt_cv_prog_gnu_ld=yes
lt_cv_sys_global_symbol_pipe='sed -n -e '\''s/^.*[ 	]\([ABCDGIRSTW][ABCDGIRSTW]*\)[ 	][ 	]*\([_A-Za-z][_A-Za-z0-9]*\)$/\1 \2 \2/p'\'''
lt_cv_sys_global_symbol_to_c_name_address='sed -n -e '\''s/^: \([^ ]*\) $/  {\"\1\", (lt_ptr) 0},/p'\'' -e '\''s/^[BCDEGRST] \([^ ]*\) \([^ ]*\)$/  {"\2", (lt_ptr) \&\2},/p'\'''
lt_cv_sys_global_symbol_to_cdecl='sed -n -e '\''s/^. .* \(.*\)$/extern int \1;/p'\'''
lt_cv_sys_lib_dlsearch_path_spec='/lib /usr/lib /usr/lib/libfakeroot /usr/lib32 '
lt_cv_sys_lib_search_path_spec='/usr/lib/gcc/x86_64-pc-linux-gnu/13.2.1 /usr/lib /lib'
lt_cv_sys_max_cmd_len=1572864
lt_lt_cv_prog_compiler_c_o='"yes"'
lt_lt_cv_sys_global_symbol_pipe='"sed -n -e '\''s/^.*[ 	]\\([ABCDGIRSTW][ABCDGIRSTW]*\\)[ 	][ 	]*\\([_A-Za-z][_A-Za-z0-9]*\\)\$/\\1 \\2 \\2/p'\''"'
lt_lt_cv_sys_global_symbol_to_c_name_address='"sed -n -e '\''s/^: \\([^ ]*\\) \$/  {\\\"\\1\\\", (lt_ptr) 0},/p'\'' -e '\''s/^[BCDEGRST] \\([^ ]*\\) \\([^ ]*\\)\$/  {\"\\2\", (lt_ptr) \\&\\2},/p'\''"'
lt_lt_cv_sys_global_symbol_to_cdecl='"sed -n -e '\''s/^. .* \\(.*\\)\$/extern int \\1;/p'\''"'
php_cv_cc_rpath=yes

## ----------------- ##
## Output variables. ##
## ----------------- ##

AR='ar'
AWK='gawk'
BUILD_CC='cc'
CC='cc'
CFLAGS='-g -O2'
CONFIGURE_COMMAND=' '\''./configure'\'' '
CONFIGURE_OPTIONS=''
CPP='cc -E'
CPPFLAGS=' -DHAVE_CONFIG_H'
DEFS='-DHAVE_CONFIG_H'
DSYMUTIL=''
ECHO='echo'
ECHO_C=''
ECHO_N='-n'
ECHO_T=''
EGREP='/usr/bin/grep -E'
EXEEXT=''
GREP='/usr/bin/grep'
LDFLAGS=''
LIBOBJS=''
LIBS=''
LIBTOOL='$(SHELL) $(top_builddir)/libtool'
LN_S='ln -s'
LTLIBOBJS=''
NMEDIT=''
OBJEXT='o'
PACKAGE_BUGREPORT=''
PACKAGE_NAME=''
PACKAGE_STRING=''
PACKAGE_TARNAME=''
PACKAGE_URL=''
PACKAGE_VERSION=''
PATH_SEPARATOR=':'
PKG_CONFIG='/usr/bin/pkg-config'
PKG_CONFIG_LIBDIR=''
PKG_CONFIG_PATH=''
RANLIB='ranlib'
SED='/usr/bin/sed'
SHELL='/bin/sh'
SHLIB_DL_SUFFIX_NAME='so'
SHLIB_SUFFIX_NAME='so'
STRIP='strip'
ac_ct_CC='cc'
bindir='${exec_prefix}/bin'
build='x86_64-pc-linux-gnu'
build_alias=''
build_cpu='x86_64'
build_os='linux-gnu'
build_vendor='pc'
datadir='${datarootdir}'
datarootdir='${prefix}/share'
docdir='${datarootdir}/doc/${PACKAGE}'
dvidir='${docdir}'
exec_prefix='$(prefix)'
host='x86_64-pc-linux-gnu'
host_alias='x86_64-pc-linux-gnu'
host_cpu='x86_64'
host_os='linux-gnu'
host_vendor='pc'
htmldir='${docdir}'
includedir='${prefix}/include'
infodir='${datarootdir}/info'
libdir='${exec_prefix}/lib'
libexecdir='${exec_prefix}/libexec'
localedir='${datarootdir}/locale'
localstatedir='${prefix}/var'
mandir='${datarootdir}/man'
oldincludedir='/usr/include'
pdfdir='${docdir}'
prefix='/usr'
program_transform_name='s,x,x,'
psdir='${docdir}'
runstatedir='${localstatedir}/run'
sbindir='${exec_prefix}/sbin'
sharedstatedir='${prefix}/com'
sysconfdir='${prefix}/etc'
target='x86_64-pc-linux-gnu'
target_alias=''
target_cpu='x86_64'
target_os='linux-gnu'
target_vendor='pc'

## ----------- ##
## confdefs.h. ##
## ----------- ##

/* confdefs.h */
#define PACKAGE_NAME ""
#define PACKAGE_TARNAME ""
#define PACKAGE_VERSION ""
#define PACKAGE_STRING ""
#define PACKAGE_BUGREPORT ""
#define PACKAGE_URL ""
#define COMPILE_DL_ADD_NUMBERS 1
#define HAVE_STDIO_H 1
#define HAVE_STDLIB_H 1
#define HAVE_STRING_H 1
#define HAVE_INTTYPES_H 1
#define HAVE_STDINT_H 1
#define HAVE_STRINGS_H 1
#define HAVE_SYS_STAT_H 1
#define HAVE_SYS_TYPES_H 1
#define HAVE_UNISTD_H 1
#define STDC_HEADERS 1
#define HAVE_DLFCN_H 1

configure: exit 0
